{"level":"info","message":"{\"id\":\"b1f32e70-3db0-487b-be32-1bce7981bf0a\",\"ip\":\"::1\",\"method\":\"PUT\",\"url\":\"/api/v1/protected/user/6708f741a2fceb4681533471\",\"status\":\"200\",\"responseTime\":\"5.521\"}","timestamp":"2024-10-11T18:00:05.783Z"}
{"level":"info","message":"{\"id\":\"eb326e09-6be2-41dd-99ad-83a858a10047\",\"ip\":\"::1\",\"method\":\"PUT\",\"url\":\"/api/v1/protected/user/6708f741a2fceb4681533471\",\"status\":\"200\",\"responseTime\":\"5.647\"}","timestamp":"2024-10-11T18:01:05.892Z"}
{"level":"info","message":"{\"id\":\"678ccdfd-7071-45ed-8035-f91cc6602315\",\"ip\":\"::1\",\"method\":\"POST\",\"url\":\"/api/v1/upload\",\"status\":\"200\",\"responseTime\":\"2067.982\"}","timestamp":"2024-10-11T18:17:30.377Z"}
{"level":"info","message":"{\"id\":\"9de77924-38e1-4b7d-949f-440bde030490\",\"ip\":\"::1\",\"method\":\"PUT\",\"url\":\"/api/v1/protected/user/6708f741a2fceb4681533471\",\"status\":\"200\",\"responseTime\":\"4.252\"}","timestamp":"2024-10-11T18:17:30.386Z"}
{"level":"info","message":"{\"id\":\"453a9199-ca53-4301-a0dc-2444bc635fb0\",\"ip\":\"::1\",\"method\":\"PUT\",\"url\":\"/api/v1/protected/user/6708f741a2fceb4681533471\",\"status\":\"200\",\"responseTime\":\"4.550\"}","timestamp":"2024-10-11T18:17:57.187Z"}
{"level":"info","message":"{\"id\":\"12725a0a-5147-4e3f-bcd8-0698ebe5bf08\",\"ip\":\"::1\",\"method\":\"PUT\",\"url\":\"/api/v1/protected/user/6708f741a2fceb4681533471\",\"status\":\"200\",\"responseTime\":\"4.355\"}","timestamp":"2024-10-11T18:18:31.944Z"}
{"level":"info","message":"{\"id\":\"0e50ffd6-6d53-45d4-8b41-7166fab0a85f\",\"ip\":\"::1\",\"method\":\"PUT\",\"url\":\"/api/v1/protected/user/6708f741a2fceb4681533471\",\"status\":\"200\",\"responseTime\":\"4.180\"}","timestamp":"2024-10-11T18:19:20.277Z"}
{"level":"info","message":"{\"id\":\"52e34d5c-2312-46e4-a444-4f4810dd0946\",\"ip\":\"::1\",\"method\":\"PUT\",\"url\":\"/api/v1/protected/user/6708f741a2fceb4681533471\",\"status\":\"200\",\"responseTime\":\"4.392\"}","timestamp":"2024-10-11T18:29:18.636Z"}
{"level":"info","message":"{\"id\":\"e865dc0a-f325-4a0e-b60d-067aa147a4a2\",\"ip\":\"::1\",\"method\":\"PUT\",\"url\":\"/api/v1/protected/user/6708f741a2fceb4681533471\",\"status\":\"200\",\"responseTime\":\"4.545\"}","timestamp":"2024-10-11T18:42:35.408Z"}
{"level":"info","message":"{\"id\":\"9c41f8c5-2a54-44ed-8c49-42500bc8a962\",\"ip\":\"::1\",\"method\":\"PUT\",\"url\":\"/api/v1/protected/user/6708f741a2fceb4681533471\",\"status\":\"200\",\"responseTime\":\"5.752\"}","timestamp":"2024-10-11T18:43:00.170Z"}
{"level":"info","message":"{\"id\":\"7fdc5365-1900-4bc4-a02f-9775ef9c469d\",\"ip\":\"::1\",\"method\":\"POST\",\"url\":\"/api/v1/upload\",\"status\":\"200\",\"responseTime\":\"2461.414\"}","timestamp":"2024-10-11T18:45:12.951Z"}
{"level":"info","message":"{\"id\":\"81fd685e-904a-4d9a-b1df-8b7397731c82\",\"ip\":\"::1\",\"method\":\"PUT\",\"url\":\"/api/v1/protected/user/6708f741a2fceb4681533471\",\"status\":\"200\",\"responseTime\":\"5.820\"}","timestamp":"2024-10-11T18:45:12.961Z"}
{"level":"info","message":"{\"id\":\"0ddd1da4-c3ea-447f-afc8-a7361ed8285a\",\"ip\":\"::1\",\"method\":\"POST\",\"url\":\"/api/v1/upload\",\"status\":\"200\",\"responseTime\":\"1984.551\"}","timestamp":"2024-10-11T18:49:28.487Z"}
{"level":"info","message":"{\"id\":\"fc717bcc-7d08-4d9e-abc2-20ef6aa43a17\",\"ip\":\"::1\",\"method\":\"PUT\",\"url\":\"/api/v1/protected/user/6708f741a2fceb4681533471\",\"status\":\"200\",\"responseTime\":\"4.416\"}","timestamp":"2024-10-11T18:49:28.496Z"}
{"level":"info","message":"{\"id\":\"20b689fd-f85c-49c5-88ef-f2eba720a772\",\"ip\":\"::1\",\"method\":\"POST\",\"url\":\"/api/v1/protected/devlinks\",\"status\":\"201\",\"responseTime\":\"8.546\"}","timestamp":"2024-10-11T18:59:40.103Z"}
{"level":"info","message":"{\"id\":\"484be1ce-3dff-4c8d-b2e2-c38949aba585\",\"ip\":\"::1\",\"method\":\"POST\",\"url\":\"/api/v1/upload\",\"status\":\"200\",\"responseTime\":\"1980.589\"}","timestamp":"2024-10-11T18:59:59.064Z"}
{"level":"info","message":"{\"id\":\"f6a14ffd-48db-4195-ba2a-f54146865871\",\"ip\":\"::1\",\"method\":\"PUT\",\"url\":\"/api/v1/protected/user/6708f741a2fceb4681533471\",\"status\":\"200\",\"responseTime\":\"3.987\"}","timestamp":"2024-10-11T18:59:59.072Z"}
{"level":"info","message":"{\"id\":\"0f782bc3-18ea-4ff3-8a0b-c2b5c33d4f5a\",\"ip\":\"::1\",\"method\":\"POST\",\"url\":\"/api/v1/auth/signin\",\"status\":\"400\",\"responseTime\":\"3.174\"}","timestamp":"2024-10-11T19:00:04.655Z"}
{"level":"info","message":"{\"id\":\"27965aff-abae-4dce-a1d6-b0182d3bcfa6\",\"ip\":\"::1\",\"method\":\"POST\",\"url\":\"/api/v1/auth/signin\",\"status\":\"400\",\"responseTime\":\"1.921\"}","timestamp":"2024-10-11T19:00:08.392Z"}
{"level":"info","message":"{\"id\":\"7e87770f-f81a-4da2-82cb-68bdf48f02b6\",\"ip\":\"::1\",\"method\":\"POST\",\"url\":\"/api/v1/auth/signin\",\"status\":\"200\",\"responseTime\":\"61.296\"}","timestamp":"2024-10-11T19:01:00.259Z"}
{"level":"info","message":"{\"id\":\"aec0be63-36ab-44c0-9901-80f16bdfe990\",\"ip\":\"::1\",\"method\":\"GET\",\"url\":\"/api/v1/previewlinks/6708f741a2fceb4681533471\",\"status\":\"200\",\"responseTime\":\"3.515\"}","timestamp":"2024-10-11T19:01:00.266Z"}
{"level":"info","message":"{\"id\":\"7b8c9da8-4e36-4c2c-9c9b-69882e8ab92a\",\"ip\":\"::1\",\"method\":\"PUT\",\"url\":\"/api/v1/protected/user/6708f741a2fceb4681533471\",\"status\":\"200\",\"responseTime\":\"4.083\"}","timestamp":"2024-10-11T19:01:07.006Z"}
{"level":"info","message":"{\"id\":\"84fb98c7-6b5b-4ae4-b157-1b78451c7df8\",\"ip\":\"::1\",\"method\":\"GET\",\"url\":\"/api/v1/previewlinks/6708f741a2fceb4681533471\",\"status\":\"200\",\"responseTime\":\"3.832\"}","timestamp":"2024-10-11T19:06:53.126Z"}
{"level":"info","message":"{\"id\":\"66614bd8-10d6-4e06-ad9c-240d01c0a5c0\",\"ip\":\"::1\",\"method\":\"GET\",\"url\":\"/api/v1/previewlinks/6708f741a2fceb4681533471\",\"status\":\"304\",\"responseTime\":\"3.640\"}","timestamp":"2024-10-11T19:07:29.116Z"}
{"level":"info","message":"{\"id\":\"c00de507-ef5e-4e8e-b825-767d46f43319\",\"ip\":\"::1\",\"method\":\"GET\",\"url\":\"/api/v1/previewlinks/6708f741a2fceb4681533471\",\"status\":\"304\",\"responseTime\":\"4.540\"}","timestamp":"2024-10-11T19:07:43.112Z"}
{"level":"info","message":"{\"id\":\"bc14f3a0-2126-4c21-8f8a-e086bb43d8b0\",\"ip\":\"::1\",\"method\":\"GET\",\"url\":\"/api/v1/previewlinks/6708f741a2fceb4681533471\",\"status\":\"304\",\"responseTime\":\"5.462\"}","timestamp":"2024-10-11T19:10:03.114Z"}
{"level":"info","message":"{\"id\":\"aae2d6b5-5ffe-4b62-86d0-08604db90b3b\",\"ip\":\"::1\",\"method\":\"GET\",\"url\":\"/api/v1/previewlinks/6708f741a2fceb4681533471\",\"status\":\"304\",\"responseTime\":\"5.711\"}","timestamp":"2024-10-11T19:10:33.110Z"}
{"level":"info","message":"{\"id\":\"c181626a-91aa-4558-a47e-83704e8714bd\",\"ip\":\"::1\",\"method\":\"GET\",\"url\":\"/api/v1/previewlinks/6708f741a2fceb4681533471\",\"status\":\"304\",\"responseTime\":\"3.580\"}","timestamp":"2024-10-11T19:10:41.111Z"}
{"level":"info","message":"{\"id\":\"475d7e73-f3bc-4a9c-a6d6-97e5d62a7502\",\"ip\":\"::1\",\"method\":\"GET\",\"url\":\"/api/v1/previewlinks/6708f741a2fceb4681533471\",\"status\":\"304\",\"responseTime\":\"3.991\"}","timestamp":"2024-10-11T19:11:01.117Z"}
{"level":"info","message":"{\"id\":\"2f32d144-e173-4bdf-9ab5-242376a39163\",\"ip\":\"::1\",\"method\":\"GET\",\"url\":\"/api/v1/previewlinks/6708f741a2fceb4681533471\",\"status\":\"304\",\"responseTime\":\"3.453\"}","timestamp":"2024-10-11T19:11:29.113Z"}
{"level":"info","message":"{\"id\":\"0ef623f0-4d52-4cde-a2f4-e7301ee5afb3\",\"ip\":\"::1\",\"method\":\"GET\",\"url\":\"/api/v1/previewlinks/6708f741a2fceb4681533471\",\"status\":\"304\",\"responseTime\":\"3.285\"}","timestamp":"2024-10-11T19:11:46.107Z"}
{"level":"info","message":"{\"id\":\"eb5e353f-1f94-495d-9ae2-1d380ae16a0e\",\"ip\":\"::1\",\"method\":\"GET\",\"url\":\"/api/v1/previewlinks/6708f741a2fceb4681533471\",\"status\":\"304\",\"responseTime\":\"5.127\"}","timestamp":"2024-10-11T19:11:58.115Z"}
{"level":"info","message":"{\"id\":\"fc666771-e1ec-44d1-89e7-110c4cb59d5e\",\"ip\":\"::1\",\"method\":\"GET\",\"url\":\"/api/v1/previewlinks/6708f741a2fceb4681533471\",\"status\":\"304\",\"responseTime\":\"4.976\"}","timestamp":"2024-10-11T19:12:12.118Z"}
{"level":"info","message":"{\"id\":\"6a5bd92d-cb76-4777-8cc2-efccd9177739\",\"ip\":\"::1\",\"method\":\"GET\",\"url\":\"/api/v1/previewlinks/6708f741a2fceb4681533471\",\"status\":\"304\",\"responseTime\":\"4.269\"}","timestamp":"2024-10-11T19:12:26.111Z"}
{"level":"info","message":"{\"id\":\"57547c0a-67ce-4f04-b98e-d2f9d86bd1ab\",\"ip\":\"::1\",\"method\":\"GET\",\"url\":\"/api/v1/previewlinks/6708f741a2fceb4681533471\",\"status\":\"304\",\"responseTime\":\"4.208\"}","timestamp":"2024-10-11T19:12:37.117Z"}
{"level":"info","message":"{\"id\":\"9fbd8659-cc4a-4eec-8f8e-a7bdefe3c5bc\",\"ip\":\"::1\",\"method\":\"GET\",\"url\":\"/api/v1/previewlinks/6708f741a2fceb4681533471\",\"status\":\"304\",\"responseTime\":\"3.594\"}","timestamp":"2024-10-11T19:13:12.117Z"}
{"level":"info","message":"{\"id\":\"2e6907e9-c9c8-44be-b250-fc8f134c41da\",\"ip\":\"::1\",\"method\":\"GET\",\"url\":\"/api/v1/previewlinks/6708f741a2fceb4681533471\",\"status\":\"304\",\"responseTime\":\"4.527\"}","timestamp":"2024-10-11T19:13:19.114Z"}
{"level":"info","message":"{\"id\":\"522b5c35-b0d7-4bd6-aa9f-a09e3ba0060c\",\"ip\":\"::1\",\"method\":\"GET\",\"url\":\"/api/v1/previewlinks/6708f741a2fceb4681533471\",\"status\":\"304\",\"responseTime\":\"3.318\"}","timestamp":"2024-10-11T19:13:29.110Z"}
{"level":"info","message":"{\"id\":\"b38e8819-aca0-453a-9511-ec75082b7319\",\"ip\":\"::1\",\"method\":\"GET\",\"url\":\"/api/v1/previewlinks/6708f741a2fceb4681533471\",\"status\":\"304\",\"responseTime\":\"4.398\"}","timestamp":"2024-10-11T19:14:13.118Z"}
{"level":"info","message":"{\"id\":\"c780eec9-1cd9-431b-b113-121ea6e775bf\",\"ip\":\"::1\",\"method\":\"GET\",\"url\":\"/api/v1/previewlinks/6708f741a2fceb4681533471\",\"status\":\"304\",\"responseTime\":\"2.916\"}","timestamp":"2024-10-11T19:14:25.116Z"}
{"level":"info","message":"{\"id\":\"cb17935b-b937-4807-956d-652b4cb44c81\",\"ip\":\"::1\",\"method\":\"GET\",\"url\":\"/api/v1/previewlinks/6708f741a2fceb4681533471\",\"status\":\"304\",\"responseTime\":\"3.578\"}","timestamp":"2024-10-11T19:14:36.111Z"}
{"level":"info","message":"{\"id\":\"1d015b2c-7282-40ac-bc5f-a546a31edede\",\"ip\":\"::1\",\"method\":\"GET\",\"url\":\"/api/v1/previewlinks/6708f741a2fceb4681533471\",\"status\":\"304\",\"responseTime\":\"3.286\"}","timestamp":"2024-10-11T19:14:45.108Z"}
{"level":"info","message":"{\"id\":\"51619f1a-3ef4-40b8-b24e-8f23f39331ee\",\"ip\":\"::1\",\"method\":\"GET\",\"url\":\"/api/v1/previewlinks/6708f741a2fceb4681533471\",\"status\":\"304\",\"responseTime\":\"3.222\"}","timestamp":"2024-10-11T19:14:51.113Z"}
{"level":"info","message":"{\"id\":\"7e640b41-aa21-42e8-8778-5870d7625b47\",\"ip\":\"::1\",\"method\":\"POST\",\"url\":\"/api/v1/protected/devlinks\",\"status\":\"201\",\"responseTime\":\"7.096\"}","timestamp":"2024-10-11T19:15:01.673Z"}
{"level":"info","message":"{\"id\":\"9d5d63c2-f9a7-4e40-8a30-134395f71ed4\",\"ip\":\"::1\",\"method\":\"GET\",\"url\":\"/api/v1/previewlinks/6708f741a2fceb4681533471\",\"status\":\"200\",\"responseTime\":\"4.355\"}","timestamp":"2024-10-11T19:15:14.894Z"}
{"level":"info","message":"{\"id\":\"4f8b154b-7b1c-458c-83e8-518218ed583e\",\"ip\":\"::1\",\"method\":\"GET\",\"url\":\"/api/v1/previewlinks/6708f741a2fceb4681533471\",\"status\":\"304\",\"responseTime\":\"5.340\"}","timestamp":"2024-10-11T19:16:17.343Z"}
